<?xml version="1.0" encoding="UTF-8"?>
<!-- Generated by org.testng.reporters.JUnitReportReporter -->
<testsuite hostname="Z100107" name="com.YouMagicPro.LKA_tests.Buing804NumberTest" tests="1" failures="0" timestamp="1 Nov 2012 06:09:02 GMT" time="26.003" errors="0">
  <testcase name="expenseStructureTest" time="26.003" classname="com.YouMagicPro.LKA_tests.Buing804NumberTest"/>
</testsuite> <!-- com.YouMagicPro.LKA_tests.Buing804NumberTest -->
