<?xml version="1.0" encoding="UTF-8"?>
<!-- Generated by org.testng.reporters.JUnitReportReporter -->
<testsuite hostname="Z100107" name="com.YouMagicPro.authorization.AuthorizationAdminNoFieldsFilledTest" tests="1" failures="0" timestamp="16 Nov 2012 12:06:34 GMT" time="4.550" errors="0">
  <testcase name="authorizationNoLoginTest" time="4.550" classname="com.YouMagicPro.authorization.AuthorizationAdminNoFieldsFilledTest"/>
</testsuite> <!-- com.YouMagicPro.authorization.AuthorizationAdminNoFieldsFilledTest -->
