<?xml version="1.0" encoding="UTF-8"?>
<!-- Generated by org.testng.reporters.JUnitReportReporter -->
<testsuite hostname="Z100107" name="com.YouMagicPro.LKA_tests.OrderByEmailOrderWithoutDocTypeCheckedTest" tests="1" failures="0" timestamp="13 Nov 2012 06:13:25 GMT" time="19.526" errors="0">
  <testcase name="orderByEmailOrderWithoutDocTypeCheckedTest_C25656" time="19.526" classname="com.YouMagicPro.LKA_tests.OrderByEmailOrderWithoutDocTypeCheckedTest"/>
</testsuite> <!-- com.YouMagicPro.LKA_tests.OrderByEmailOrderWithoutDocTypeCheckedTest -->
