<?xml version="1.0" encoding="UTF-8"?>
<!-- Generated by org.testng.reporters.JUnitReportReporter -->
<testsuite hostname="Z100107" name="com.YouMagicPro.LKA_tests.ContractCheckDocumentTest" tests="1" failures="0" timestamp="29 Oct 2012 06:29:19 GMT" time="18.750" errors="0">
  <testcase name="contractCheckDocumentTest" time="18.750" classname="com.YouMagicPro.LKA_tests.ContractCheckDocumentTest"/>
</testsuite> <!-- com.YouMagicPro.LKA_tests.ContractCheckDocumentTest -->
