<?xml version="1.0" encoding="UTF-8"?>
<!-- Generated by org.testng.reporters.JUnitReportReporter -->
<testsuite hostname="Z100107" name="com.YouMagicPro.LKA_tests.ContractCorAccountTest" tests="1" failures="0" timestamp="30 Oct 2012 08:31:02 GMT" time="34.482" errors="0">
  <testcase name="contractFillBankAccountTest" time="34.482" classname="com.YouMagicPro.LKA_tests.ContractCorAccountTest"/>
</testsuite> <!-- com.YouMagicPro.LKA_tests.ContractCorAccountTest -->
