<?xml version="1.0" encoding="UTF-8"?>
<!-- Generated by org.testng.reporters.JUnitReportReporter -->
<testsuite hostname="Z100107" name="com.YouMagicPro.LKA_tests.ContractKppTest" tests="1" failures="0" timestamp="30 Oct 2012 10:26:33 GMT" time="49.491" errors="0">
  <testcase name="contractFillBankAccountTest" time="49.491" classname="com.YouMagicPro.LKA_tests.ContractKppTest"/>
</testsuite> <!-- com.YouMagicPro.LKA_tests.ContractKppTest -->
