<?xml version="1.0" encoding="UTF-8"?>
<!-- Generated by org.testng.reporters.JUnitReportReporter -->
<testsuite hostname="Z100107" name="com.YouMagicPro.LKA_tests.ContractInnTest" tests="1" failures="0" timestamp="30 Oct 2012 09:07:28 GMT" time="49.883" errors="0">
  <testcase name="contractFillBankAccountTest" time="49.883" classname="com.YouMagicPro.LKA_tests.ContractInnTest"/>
</testsuite> <!-- com.YouMagicPro.LKA_tests.ContractInnTest -->
