<?xml version="1.0" encoding="UTF-8"?>
<!-- Generated by org.testng.reporters.JUnitReportReporter -->
<testsuite hostname="Z100107" name="com.YouMagicPro.LKA_tests.ContractEndOfPageDataTest" tests="1" failures="0" timestamp="29 Oct 2012 07:14:21 GMT" time="15.157" errors="0">
  <testcase name="contractEndOfPageDataTest" time="15.157" classname="com.YouMagicPro.LKA_tests.ContractEndOfPageDataTest"/>
</testsuite> <!-- com.YouMagicPro.LKA_tests.ContractEndOfPageDataTest -->
