<?xml version="1.0" encoding="UTF-8"?>
<!-- Generated by org.testng.reporters.JUnitReportReporter -->
<testsuite hostname="Z100107" name="com.YouMagicPro.LKA_tests.ContractBikTest" tests="1" failures="0" timestamp="30 Oct 2012 05:53:35 GMT" time="44.749" errors="0">
  <testcase name="contractFillBankAccountTest" time="44.749" classname="com.YouMagicPro.LKA_tests.ContractBikTest"/>
</testsuite> <!-- com.YouMagicPro.LKA_tests.ContractBikTest -->
