<?xml version="1.0" encoding="UTF-8"?>
<!-- Generated by org.testng.reporters.JUnitReportReporter -->
<testsuite hostname="Z100107" name="com.YouMagicPro.registration.RegistrationWrongVerificationCodeTest" tests="1" failures="0" timestamp="26 Nov 2012 07:57:35 GMT" time="28.538" errors="0">
  <testcase name="registrationStabilityOfNumbersTest" time="28.538" classname="com.YouMagicPro.registration.RegistrationWrongVerificationCodeTest"/>
</testsuite> <!-- com.YouMagicPro.registration.RegistrationWrongVerificationCodeTest -->
