<?xml version="1.0" encoding="UTF-8"?>
<!-- Generated by org.testng.reporters.JUnitReportReporter -->
<testsuite hostname="Z100107" name="com.YouMagicPro.LKA_tests.OrderDeliveryOfContractTest" tests="1" failures="0" timestamp="1 Nov 2012 13:02:22 GMT" time="16.806" errors="0">
  <testcase name="expenseStructureTest" time="16.806" classname="com.YouMagicPro.LKA_tests.OrderDeliveryOfContractTest"/>
</testsuite> <!-- com.YouMagicPro.LKA_tests.OrderDeliveryOfContractTest -->
