<?xml version="1.0" encoding="UTF-8"?>
<!-- Generated by org.testng.reporters.JUnitReportReporter -->
<testsuite hostname="Z100107" name="com.YouMagicPro.authorization.AuthorizationAdminRememberPasswordTest" tests="1" failures="0" timestamp="16 Nov 2012 12:00:53 GMT" time="4.981" errors="0">
  <testcase name="authorizationNoPasswordTest" time="4.981" classname="com.YouMagicPro.authorization.AuthorizationAdminRememberPasswordTest"/>
</testsuite> <!-- com.YouMagicPro.authorization.AuthorizationAdminRememberPasswordTest -->
