<?xml version="1.0" encoding="UTF-8"?>
<!-- Generated by org.testng.reporters.JUnitReportReporter -->
<testsuite hostname="Z100107" name="com.YouMagicPro.LKA_tests.ExpenseStructureTest" tests="1" failures="0" timestamp="30 Oct 2012 12:31:44 GMT" time="29.914" errors="0">
  <testcase name="expenseStructureTest" time="29.914" classname="com.YouMagicPro.LKA_tests.ExpenseStructureTest"/>
</testsuite> <!-- com.YouMagicPro.LKA_tests.ExpenseStructureTest -->
