<?xml version="1.0" encoding="UTF-8"?>
<!-- Generated by org.testng.reporters.JUnitReportReporter -->
<testsuite hostname="Z100107" name="com.YouMagicPro.LKA_tests.OrderByPickUpChangePhoneTest" tests="1" failures="0" timestamp="13 Nov 2012 06:19:40 GMT" time="15.927" errors="0">
  <testcase name="OrderByPickUpChangePhoneTest_C25666" time="15.927" classname="com.YouMagicPro.LKA_tests.OrderByPickUpChangePhoneTest"/>
</testsuite> <!-- com.YouMagicPro.LKA_tests.OrderByPickUpChangePhoneTest -->
