<?xml version="1.0" encoding="UTF-8"?>
<!-- Generated by org.testng.reporters.JUnitReportReporter -->
<testsuite hostname="Z100107" name="com.YouMagicPro.LKA_tests.OrderToAdressTest" tests="1" failures="0" timestamp="2 Nov 2012 07:00:12 GMT" time="21.052" errors="0">
  <testcase name="expenseStructureTest" time="21.052" classname="com.YouMagicPro.LKA_tests.OrderToAdressTest"/>
</testsuite> <!-- com.YouMagicPro.LKA_tests.OrderToAdressTest -->
