<?xml version="1.0" encoding="UTF-8"?>
<!-- Generated by org.testng.reporters.JUnitReportReporter -->
<testsuite hostname="Z100107" name="com.YouMagicPro.LKA_tests.ContractOgrnTest" tests="1" failures="0" timestamp="30 Oct 2012 11:16:54 GMT" time="33.514" errors="0">
  <testcase name="contractFillBankAccountTest" time="33.514" classname="com.YouMagicPro.LKA_tests.ContractOgrnTest"/>
</testsuite> <!-- com.YouMagicPro.LKA_tests.ContractOgrnTest -->
