<?xml version="1.0" encoding="UTF-8"?>
<!-- Generated by org.testng.reporters.JUnitReportReporter -->
<testsuite hostname="Z100107" name="com.YouMagicPro.LKA_tests.OrderByPickUpTest" tests="1" failures="0" timestamp="2 Nov 2012 07:07:40 GMT" time="37.705" errors="0">
  <testcase name="expenseStructureTest" time="37.705" classname="com.YouMagicPro.LKA_tests.OrderByPickUpTest"/>
</testsuite> <!-- com.YouMagicPro.LKA_tests.OrderByPickUpTest -->
