<?xml version="1.0" encoding="UTF-8"?>
<!-- Generated by org.testng.reporters.JUnitReportReporter -->
<testsuite hostname="Z100107" name="com.YouMagicPro.LKA_tests.ContractFillInDataTest" tests="1" failures="0" timestamp="30 Oct 2012 05:15:23 GMT" time="37.703" errors="0">
  <testcase name="fillInContractDataTest" time="37.703" classname="com.YouMagicPro.LKA_tests.ContractFillInDataTest"/>
</testsuite> <!-- com.YouMagicPro.LKA_tests.ContractFillInDataTest -->
