<?xml version="1.0" encoding="UTF-8"?>
<!-- Generated by org.testng.reporters.JUnitReportReporter -->
<testsuite hostname="Z100107" name="com.YouMagicPro.LKA_tests.ExampleTest" tests="1" failures="0" timestamp="29 Oct 2012 07:23:29 GMT" time="70.898" errors="0">
  <testcase name="exampleTest" time="70.898" classname="com.YouMagicPro.LKA_tests.ExampleTest"/>
</testsuite> <!-- com.YouMagicPro.LKA_tests.ExampleTest -->
