<?xml version="1.0" encoding="UTF-8"?>
<!-- Generated by org.testng.reporters.JUnitReportReporter -->
<testsuite hostname="Z100107" name="com.YouMagicPro.LKA_tests.DiscSpaceTest" tests="1" failures="0" timestamp="1 Nov 2012 07:41:10 GMT" time="18.246" errors="0">
  <testcase name="expenseStructureTest" time="18.246" classname="com.YouMagicPro.LKA_tests.DiscSpaceTest"/>
</testsuite> <!-- com.YouMagicPro.LKA_tests.DiscSpaceTest -->
