<?xml version="1.0" encoding="UTF-8"?>
<!-- Generated by org.testng.reporters.JUnitReportReporter -->
<testsuite hostname="Z100107" name="com.YouMagicPro.LKA_tests.OrderByEmailTest" tests="1" failures="0" timestamp="2 Nov 2012 07:14:03 GMT" time="17.673" errors="0">
  <testcase name="expenseStructureTest" time="17.673" classname="com.YouMagicPro.LKA_tests.OrderByEmailTest"/>
</testsuite> <!-- com.YouMagicPro.LKA_tests.OrderByEmailTest -->
