<?xml version="1.0" encoding="UTF-8"?>
<!-- Generated by org.testng.reporters.JUnitReportReporter -->
<testsuite hostname="Z100107" name="com.YouMagicPro.authorization.AuthorizationEmployeeNoLoginTest" tests="1" failures="0" timestamp="16 Nov 2012 12:04:18 GMT" time="6.076" errors="0">
  <testcase name="authorizationNoLoginTest" time="6.076" classname="com.YouMagicPro.authorization.AuthorizationEmployeeNoLoginTest"/>
</testsuite> <!-- com.YouMagicPro.authorization.AuthorizationEmployeeNoLoginTest -->
