<?xml version="1.0" encoding="UTF-8"?>
<!-- Generated by org.testng.reporters.JUnitReportReporter -->
<testsuite hostname="Z100107" name="com.YouMagicPro.LKA_tests.OrderByPickUpChangeNameTest" tests="1" failures="0" timestamp="13 Nov 2012 08:17:45 GMT" time="15.500" errors="0">
  <testcase name="orderByPickUpChangeNameTest_C25668" time="15.500" classname="com.YouMagicPro.LKA_tests.OrderByPickUpChangeNameTest"/>
</testsuite> <!-- com.YouMagicPro.LKA_tests.OrderByPickUpChangeNameTest -->
