<?xml version="1.0" encoding="UTF-8"?>
<!-- Generated by org.testng.reporters.JUnitReportReporter -->
<testsuite hostname="Z100107" name="com.YouMagicPro.LKA_tests.ContractInn6NumbersInTextFieldTest" tests="1" failures="0" timestamp="15 Nov 2012 10:56:12 GMT" time="19.613" errors="0">
  <testcase name="contractInn6NumbersInTextFieldTest_C15029" time="19.613" classname="com.YouMagicPro.LKA_tests.ContractInn6NumbersInTextFieldTest"/>
</testsuite> <!-- com.YouMagicPro.LKA_tests.ContractInn6NumbersInTextFieldTest -->
