<?xml version="1.0" encoding="UTF-8"?>
<!-- Generated by org.testng.reporters.JUnitReportReporter -->
<testsuite hostname="Z100107" name="com.YouMagicPro.LKA_tests.ContractInnOneInTextFieldTest" tests="1" failures="0" timestamp="15 Nov 2012 10:56:13 GMT" time="24.019" errors="0">
  <testcase name="contractInnOneInTextFieldTest_C15028" time="24.019" classname="com.YouMagicPro.LKA_tests.ContractInnOneInTextFieldTest"/>
</testsuite> <!-- com.YouMagicPro.LKA_tests.ContractInnOneInTextFieldTest -->
