<?xml version="1.0" encoding="UTF-8"?>
<!-- Generated by org.testng.reporters.JUnitReportReporter -->
<testsuite hostname="Z100107" name="com.YouMagicPro.LKA_tests.ContractCheckDocumentTest" tests="1" failures="0" timestamp="15 Nov 2012 10:56:12 GMT" time="18.952" errors="0">
  <testcase name="contractCheckDocumentTest_C14986" time="18.952" classname="com.YouMagicPro.LKA_tests.ContractCheckDocumentTest"/>
</testsuite> <!-- com.YouMagicPro.LKA_tests.ContractCheckDocumentTest -->
