<?xml version="1.0" encoding="UTF-8"?>
<!-- Generated by org.testng.reporters.JUnitReportReporter -->
<testsuite hostname="Z100107" name="com.YouMagicPro.LKA_tests.ExpenseStructureChooseIntNumbersPageTest" tests="1" failures="0" timestamp="15 Nov 2012 10:56:12 GMT" time="15.977" errors="0">
  <testcase name="expenseStructureChooseIntNumbersPageTest_C15102" time="15.977" classname="com.YouMagicPro.LKA_tests.ExpenseStructureChooseIntNumbersPageTest"/>
</testsuite> <!-- com.YouMagicPro.LKA_tests.ExpenseStructureChooseIntNumbersPageTest -->
