<?xml version="1.0" encoding="UTF-8"?>
<!-- Generated by org.testng.reporters.JUnitReportReporter -->
<testsuite hostname="Z100107" name="com.YouMagicPro.LKA_tests.ContractOgrn6NumbersInTextFieldTest" tests="1" failures="0" timestamp="13 Nov 2012 12:15:20 GMT" time="23.396" errors="0">
  <testcase name="contractOgrn6NumbersInTextFieldTest_C15055" time="23.396" classname="com.YouMagicPro.LKA_tests.ContractOgrn6NumbersInTextFieldTest"/>
</testsuite> <!-- com.YouMagicPro.LKA_tests.ContractOgrn6NumbersInTextFieldTest -->
