<?xml version="1.0" encoding="UTF-8"?>
<!-- Generated by org.testng.reporters.JUnitReportReporter -->
<testsuite hostname="Z100107" name="com.YouMagicPro.LKA_tests.ContractOgrnOneNumberInTextFieldTest" tests="1" failures="0" timestamp="15 Nov 2012 10:56:12 GMT" time="20.746" errors="0">
  <testcase name="contractOgrnOneNumberInTextFieldTest_C15053" time="20.746" classname="com.YouMagicPro.LKA_tests.ContractOgrnOneNumberInTextFieldTest"/>
</testsuite> <!-- com.YouMagicPro.LKA_tests.ContractOgrnOneNumberInTextFieldTest -->
