<?xml version="1.0" encoding="UTF-8"?>
<!-- Generated by org.testng.reporters.JUnitReportReporter -->
<testsuite hostname="Z100107" name="com.YouMagicPro.LKA_tests.OrderByEmailCancelButtonTest" tests="1" failures="0" timestamp="13 Nov 2012 12:15:20 GMT" time="22.170" errors="0">
  <testcase name="orderByEmailCancelButtonTest_C15141" time="22.170" classname="com.YouMagicPro.LKA_tests.OrderByEmailCancelButtonTest"/>
</testsuite> <!-- com.YouMagicPro.LKA_tests.OrderByEmailCancelButtonTest -->
