<?xml version="1.0" encoding="UTF-8"?>
<!-- Generated by org.testng.reporters.JUnitReportReporter -->
<testsuite hostname="Z100107" name="com.YouMagicPro.LKA_tests.ContractOgrnLettersInTextFieldTest" tests="1" failures="0" timestamp="13 Nov 2012 12:15:20 GMT" time="20.791" errors="0">
  <testcase name="contractOgrnLettersInTextFieldTest_C15056" time="20.791" classname="com.YouMagicPro.LKA_tests.ContractOgrnLettersInTextFieldTest"/>
</testsuite> <!-- com.YouMagicPro.LKA_tests.ContractOgrnLettersInTextFieldTest -->
