<?xml version="1.0" encoding="UTF-8"?>
<!-- Generated by org.testng.reporters.JUnitReportReporter -->
<testsuite hostname="Z100107" name="com.YouMagicPro.LKA_tests.BuyingAdditionalNumberChooseNumbersFromList" tests="1" failures="0" timestamp="15 Nov 2012 10:56:12 GMT" time="17.289" errors="0">
  <testcase name="BuyingAdditionalNumberChooseNumbersFromList_C15106" time="17.289" classname="com.YouMagicPro.LKA_tests.BuyingAdditionalNumberChooseNumbersFromList"/>
</testsuite> <!-- com.YouMagicPro.LKA_tests.BuyingAdditionalNumberChooseNumbersFromList -->
