<?xml version="1.0" encoding="UTF-8"?>
<!-- Generated by org.testng.reporters.JUnitReportReporter -->
<testsuite hostname="Z100107" name="com.YouMagicPro.LKA_tests.EmployeesEditProfile3SymbolsInTextFieldTest" tests="1" failures="0" timestamp="15 Nov 2012 10:56:12 GMT" time="19.739" errors="0">
  <testcase name="employeesEditProfile3SymbolsInTextFieldTest_C15256" time="19.739" classname="com.YouMagicPro.LKA_tests.EmployeesEditProfile3SymbolsInTextFieldTest"/>
</testsuite> <!-- com.YouMagicPro.LKA_tests.EmployeesEditProfile3SymbolsInTextFieldTest -->
