<?xml version="1.0" encoding="UTF-8"?>
<!-- Generated by org.testng.reporters.JUnitReportReporter -->
<testsuite hostname="Z100107" name="com.YouMagicPro.LKA_tests.Buying804NumberCostOfNumberTest" tests="1" failures="0" timestamp="13 Nov 2012 12:15:20 GMT" time="53.592" errors="0">
  <testcase name="buying804NumberCostOfNumberTest_C25623" time="53.592" classname="com.YouMagicPro.LKA_tests.Buying804NumberCostOfNumberTest"/>
</testsuite> <!-- com.YouMagicPro.LKA_tests.Buying804NumberCostOfNumberTest -->
