<?xml version="1.0" encoding="UTF-8"?>
<!-- Generated by org.testng.reporters.JUnitReportReporter -->
<testsuite hostname="Z100107" name="com.YouMagicPro.LKA_tests.ContractBankAccountSymbolsInTextFieldTest" tests="1" failures="0" timestamp="15 Nov 2012 10:56:13 GMT" time="24.822" errors="0">
  <testcase name="contractBankAccountSymbolsInTextFieldTest_C14997" time="24.822" classname="com.YouMagicPro.LKA_tests.ContractBankAccountSymbolsInTextFieldTest"/>
</testsuite> <!-- com.YouMagicPro.LKA_tests.ContractBankAccountSymbolsInTextFieldTest -->
