<?xml version="1.0" encoding="UTF-8"?>
<!-- Generated by org.testng.reporters.JUnitReportReporter -->
<testsuite hostname="Z100107" name="com.YouMagicPro.LKA_tests.VoiceMenuChooseSoundTest" tests="1" failures="0" timestamp="15 Nov 2012 10:56:12 GMT" time="23.097" errors="0">
  <testcase name="voiceMailChooseSoundTest_C15294" time="23.097" classname="com.YouMagicPro.LKA_tests.VoiceMenuChooseSoundTest"/>
</testsuite> <!-- com.YouMagicPro.LKA_tests.VoiceMenuChooseSoundTest -->
