<?xml version="1.0" encoding="UTF-8"?>
<!-- Generated by org.testng.reporters.JUnitReportReporter -->
<testsuite hostname="Z100107" name="com.YouMagicPro.LKA_tests.ContractBikLettersAndNumbersInTextFieldTest" tests="1" failures="0" timestamp="15 Nov 2012 10:56:13 GMT" time="28.507" errors="0">
  <testcase name="contractBikTest_C15025" time="28.507" classname="com.YouMagicPro.LKA_tests.ContractBikLettersAndNumbersInTextFieldTest"/>
</testsuite> <!-- com.YouMagicPro.LKA_tests.ContractBikLettersAndNumbersInTextFieldTest -->
