<?xml version="1.0" encoding="UTF-8"?>
<!-- Generated by org.testng.reporters.JUnitReportReporter -->
<testsuite hostname="Z100107" name="com.YouMagicPro.LKA_tests.OrderToAdressChangeNameTest" tests="1" failures="0" timestamp="13 Nov 2012 12:15:20 GMT" time="18.099" errors="0">
  <testcase name="orderToAdressChangeNameTest_C25672" time="18.099" classname="com.YouMagicPro.LKA_tests.OrderToAdressChangeNameTest"/>
</testsuite> <!-- com.YouMagicPro.LKA_tests.OrderToAdressChangeNameTest -->
