<?xml version="1.0" encoding="UTF-8"?>
<!-- Generated by org.testng.reporters.JUnitReportReporter -->
<testsuite hostname="Z100107" name="com.YouMagicPro.LKA_tests.OrderToAdressChangePhoneTest" tests="1" failures="0" timestamp="13 Nov 2012 12:15:20 GMT" time="17.091" errors="0">
  <testcase name="orderToAdressChangePhoneTest_C25677" time="17.091" classname="com.YouMagicPro.LKA_tests.OrderToAdressChangePhoneTest"/>
</testsuite> <!-- com.YouMagicPro.LKA_tests.OrderToAdressChangePhoneTest -->
