<?xml version="1.0" encoding="UTF-8"?>
<!-- Generated by org.testng.reporters.JUnitReportReporter -->
<testsuite hostname="Z100107" name="com.YouMagicPro.LKA_tests.OrderByPickUpOrderWithoutDocTypeCheckedTest" tests="1" failures="0" timestamp="15 Nov 2012 10:56:12 GMT" time="21.128" errors="0">
  <testcase name="orderByPickUpOrderWithoutDocTypeCheckedTest_C25663" time="21.128" classname="com.YouMagicPro.LKA_tests.OrderByPickUpOrderWithoutDocTypeCheckedTest"/>
</testsuite> <!-- com.YouMagicPro.LKA_tests.OrderByPickUpOrderWithoutDocTypeCheckedTest -->
