<?xml version="1.0" encoding="UTF-8"?>
<!-- Generated by org.testng.reporters.JUnitReportReporter -->
<testsuite hostname="Z100107" name="com.YouMagicPro.LKA_tests.ExpenseStructureAdditionalNumbersFeeTest" tests="1" failures="0" timestamp="15 Nov 2012 10:56:12 GMT" time="8.909" errors="0">
  <testcase name="expenseStructureAdditionalNumbersFeeTest_C15096" time="8.909" classname="com.YouMagicPro.LKA_tests.ExpenseStructureAdditionalNumbersFeeTest"/>
</testsuite> <!-- com.YouMagicPro.LKA_tests.ExpenseStructureAdditionalNumbersFeeTest -->
