<?xml version="1.0" encoding="UTF-8"?>
<!-- Generated by org.testng.reporters.JUnitReportReporter -->
<testsuite hostname="Z100107" name="com.YouMagicPro.LKA_tests.OrderDeliveryOfContractCancelButtonTest" tests="1" failures="0" timestamp="15 Nov 2012 10:56:12 GMT" time="17.847" errors="0">
  <testcase name="expenseStructureTest" time="17.847" classname="com.YouMagicPro.LKA_tests.OrderDeliveryOfContractCancelButtonTest"/>
</testsuite> <!-- com.YouMagicPro.LKA_tests.OrderDeliveryOfContractCancelButtonTest -->
