<?xml version="1.0" encoding="UTF-8"?>
<!-- Generated by org.testng.reporters.JUnitReportReporter -->
<testsuite hostname="Z100107" name="com.YouMagicPro.LKA_tests.ContractOgrnSymbolsTest" tests="1" failures="0" timestamp="13 Nov 2012 12:15:20 GMT" time="22.597" errors="0">
  <testcase name="contractFillBankAccountTest" time="22.597" classname="com.YouMagicPro.LKA_tests.ContractOgrnSymbolsTest"/>
</testsuite> <!-- com.YouMagicPro.LKA_tests.ContractOgrnSymbolsTest -->
