<?xml version="1.0" encoding="UTF-8"?>
<!-- Generated by org.testng.reporters.JUnitReportReporter -->
<testsuite hostname="Z100107" name="com.YouMagicPro.LKA_tests.ContractKpp6NumbersInTextFieldTest" tests="1" failures="0" timestamp="13 Nov 2012 12:15:20 GMT" time="29.627" errors="0">
  <testcase name="contractKppTest_C15049" time="29.627" classname="com.YouMagicPro.LKA_tests.ContractKpp6NumbersInTextFieldTest"/>
</testsuite> <!-- com.YouMagicPro.LKA_tests.ContractKpp6NumbersInTextFieldTest -->
