<?xml version="1.0" encoding="UTF-8"?>
<!-- Generated by org.testng.reporters.JUnitReportReporter -->
<testsuite hostname="Z100107" name="com.YouMagicPro.LKA_tests.DiscSpaceTest" tests="1" failures="0" timestamp="13 Nov 2012 12:15:20 GMT" time="9.317" errors="0">
  <testcase name="expenseStructureTest" time="9.317" classname="com.YouMagicPro.LKA_tests.DiscSpaceTest"/>
</testsuite> <!-- com.YouMagicPro.LKA_tests.DiscSpaceTest -->
