<?xml version="1.0" encoding="UTF-8"?>
<!-- Generated by org.testng.reporters.JUnitReportReporter -->
<testsuite hostname="Z100107" name="com.YouMagicPro.LKA_tests.OrderByEmailChangeEmailTest" tests="1" failures="0" timestamp="15 Nov 2012 10:56:13 GMT" time="18.273" errors="0">
  <testcase name="orderByEmailChangeEmailTest_C25653" time="18.273" classname="com.YouMagicPro.LKA_tests.OrderByEmailChangeEmailTest"/>
</testsuite> <!-- com.YouMagicPro.LKA_tests.OrderByEmailChangeEmailTest -->
