<?xml version="1.0" encoding="UTF-8"?>
<!-- Generated by org.testng.reporters.JUnitReportReporter -->
<testsuite hostname="Z100107" name="com.YouMagicPro.LKA_tests.OrderByPickUpCancelButtonTest" tests="1" failures="0" timestamp="15 Nov 2012 10:56:12 GMT" time="17.182" errors="0">
  <testcase name="orderByPickUpCancelButtonTest_C25664" time="17.182" classname="com.YouMagicPro.LKA_tests.OrderByPickUpCancelButtonTest"/>
</testsuite> <!-- com.YouMagicPro.LKA_tests.OrderByPickUpCancelButtonTest -->
