<?xml version="1.0" encoding="UTF-8"?>
<!-- Generated by org.testng.reporters.JUnitReportReporter -->
<testsuite hostname="Z100107" name="com.YouMagicPro.LKA_tests.BuyingAdditionalInternalNumberTextFieldTest" tests="1" failures="0" timestamp="13 Nov 2012 12:15:20 GMT" time="53.894" errors="0">
  <testcase name="buyingAdditionalInternalNumberTextFieldTest_C15112" time="53.894" classname="com.YouMagicPro.LKA_tests.BuyingAdditionalInternalNumberTextFieldTest"/>
</testsuite> <!-- com.YouMagicPro.LKA_tests.BuyingAdditionalInternalNumberTextFieldTest -->
