<?xml version="1.0" encoding="UTF-8"?>
<!-- Generated by org.testng.reporters.JUnitReportReporter -->
<testsuite hostname="Z100107" name="com.YouMagicPro.LKA_tests.ContractFillInDataTest" tests="1" failures="0" timestamp="15 Nov 2012 10:56:12 GMT" time="29.160" errors="0">
  <testcase name="fillInContractDataTest" time="29.160" classname="com.YouMagicPro.LKA_tests.ContractFillInDataTest"/>
</testsuite> <!-- com.YouMagicPro.LKA_tests.ContractFillInDataTest -->
