<?xml version="1.0" encoding="UTF-8"?>
<!-- Generated by org.testng.reporters.JUnitReportReporter -->
<testsuite hostname="Z100107" name="com.YouMagicPro.LKA_tests.ContractKppSymbolsTest" tests="1" failures="0" timestamp="13 Nov 2012 12:15:20 GMT" time="21.147" errors="0">
  <testcase name="contractKppTest_C15051" time="21.147" classname="com.YouMagicPro.LKA_tests.ContractKppSymbolsTest"/>
</testsuite> <!-- com.YouMagicPro.LKA_tests.ContractKppSymbolsTest -->
