<?xml version="1.0" encoding="UTF-8"?>
<!-- Generated by org.testng.reporters.JUnitReportReporter -->
<testsuite hostname="Z100107" name="com.YouMagicPro.LKA_tests.ContractCorAccountOneInTextFieldTest" tests="1" failures="0" timestamp="15 Nov 2012 10:56:13 GMT" time="21.449" errors="0">
  <testcase name="contractCorAccountOneInTextFieldTest_C14499" time="21.449" classname="com.YouMagicPro.LKA_tests.ContractCorAccountOneInTextFieldTest"/>
</testsuite> <!-- com.YouMagicPro.LKA_tests.ContractCorAccountOneInTextFieldTest -->
