<?xml version="1.0" encoding="UTF-8"?>
<!-- Generated by org.testng.reporters.JUnitReportReporter -->
<testsuite hostname="Z100107" name="com.YouMagicPro.LKA_tests.ContractCorAccountLettersAndNumbersTextFieldTest" tests="1" failures="0" timestamp="13 Nov 2012 12:15:20 GMT" time="530.565" errors="0">
  <testcase name="contractCorAccountTenInTextFieldTest_C15000" time="530.565" classname="com.YouMagicPro.LKA_tests.ContractCorAccountLettersAndNumbersTextFieldTest"/>
</testsuite> <!-- com.YouMagicPro.LKA_tests.ContractCorAccountLettersAndNumbersTextFieldTest -->
