<?xml version="1.0" encoding="UTF-8"?>
<!-- Generated by org.testng.reporters.JUnitReportReporter -->
<testsuite hostname="Z100107" name="com.YouMagicPro.LKA_tests.OrderByEmailChangeEmailTest" tests="1" failures="0" timestamp="13 Nov 2012 12:15:20 GMT" time="17.054" errors="0">
  <testcase name="orderByEmailChangeEmailTest_C25653" time="17.054" classname="com.YouMagicPro.LKA_tests.OrderByEmailChangeEmailTest"/>
</testsuite> <!-- com.YouMagicPro.LKA_tests.OrderByEmailChangeEmailTest -->
