<?xml version="1.0" encoding="UTF-8"?>
<!-- Generated by org.testng.reporters.JUnitReportReporter -->
<testsuite hostname="Z100107" name="com.YouMagicPro.LKA_tests.OrderToAdressNoTextFieldFilledTest" tests="1" failures="0" timestamp="15 Nov 2012 10:56:12 GMT" time="19.103" errors="0">
  <testcase name="OrderToAdressNoTextFieldFilledTest_C25679" time="19.103" classname="com.YouMagicPro.LKA_tests.OrderToAdressNoTextFieldFilledTest"/>
</testsuite> <!-- com.YouMagicPro.LKA_tests.OrderToAdressNoTextFieldFilledTest -->
