<?xml version="1.0" encoding="UTF-8"?>
<!-- Generated by org.testng.reporters.JUnitReportReporter -->
<testsuite hostname="Z100107" name="com.YouMagicPro.LKA_tests.ContractBikLettersAndNumbersInTextFieldTest" tests="1" failures="0" timestamp="13 Nov 2012 12:15:20 GMT" time="20.654" errors="0">
  <testcase name="contractBikTest_C15025" time="20.654" classname="com.YouMagicPro.LKA_tests.ContractBikLettersAndNumbersInTextFieldTest"/>
</testsuite> <!-- com.YouMagicPro.LKA_tests.ContractBikLettersAndNumbersInTextFieldTest -->
