<?xml version="1.0" encoding="UTF-8"?>
<!-- Generated by org.testng.reporters.JUnitReportReporter -->
<testsuite hostname="Z100107" name="com.YouMagicPro.LKA_tests.ContractCorAccountLettersInTextFieldTest" tests="1" failures="0" timestamp="15 Nov 2012 10:56:13 GMT" time="21.149" errors="0">
  <testcase name="contractCorAccountLettersInTextFieldTest_C15001" time="21.149" classname="com.YouMagicPro.LKA_tests.ContractCorAccountLettersInTextFieldTest"/>
</testsuite> <!-- com.YouMagicPro.LKA_tests.ContractCorAccountLettersInTextFieldTest -->
