<?xml version="1.0" encoding="UTF-8"?>
<!-- Generated by org.testng.reporters.JUnitReportReporter -->
<testsuite hostname="Z100107" name="com.YouMagicPro.LKA_tests.ContractBankAccountTenInTextFieldTest" tests="1" failures="0" timestamp="15 Nov 2012 10:56:12 GMT" time="22.363" errors="0">
  <testcase name="contractBankAccountTenInTextFieldTest_C14994" time="22.363" classname="com.YouMagicPro.LKA_tests.ContractBankAccountTenInTextFieldTest"/>
</testsuite> <!-- com.YouMagicPro.LKA_tests.ContractBankAccountTenInTextFieldTest -->
