<?xml version="1.0" encoding="UTF-8"?>
<!-- Generated by org.testng.reporters.JUnitReportReporter -->
<testsuite hostname="Z100107" name="com.YouMagicPro.LKA_tests.BuyingAdditionalInternalNumberCheckCost" tests="1" failures="0" timestamp="15 Nov 2012 10:56:13 GMT" time="12.981" errors="0">
  <testcase name="buyingAdditionalInternalNumberCheckCost_C15113" time="12.981" classname="com.YouMagicPro.LKA_tests.BuyingAdditionalInternalNumberCheckCost"/>
</testsuite> <!-- com.YouMagicPro.LKA_tests.BuyingAdditionalInternalNumberCheckCost -->
