<?xml version="1.0" encoding="UTF-8"?>
<!-- Generated by org.testng.reporters.JUnitReportReporter -->
<testsuite hostname="Z100107" name="com.YouMagicPro.LKA_tests.ContractBankAccountOneInTextFieldTest" tests="1" failures="0" timestamp="13 Nov 2012 12:15:20 GMT" time="94.820" errors="0">
  <testcase name="contractBankAccountOneInTextFieldTest_C14993" time="94.820" classname="com.YouMagicPro.LKA_tests.ContractBankAccountOneInTextFieldTest"/>
</testsuite> <!-- com.YouMagicPro.LKA_tests.ContractBankAccountOneInTextFieldTest -->
