<?xml version="1.0" encoding="UTF-8"?>
<!-- Generated by org.testng.reporters.JUnitReportReporter -->
<testsuite hostname="Z100107" name="com.YouMagicPro.LKA_tests.ContractKppLettersAndNumbersTest" tests="1" failures="0" timestamp="15 Nov 2012 10:56:13 GMT" time="21.688" errors="0">
  <testcase name="contractKppTest_C15054" time="21.688" classname="com.YouMagicPro.LKA_tests.ContractKppLettersAndNumbersTest"/>
</testsuite> <!-- com.YouMagicPro.LKA_tests.ContractKppLettersAndNumbersTest -->
