<?xml version="1.0" encoding="UTF-8"?>
<!-- Generated by org.testng.reporters.JUnitReportReporter -->
<testsuite hostname="Z100107" name="com.YouMagicPro.LKA_tests.ContractOgrnOneNumberInTextFieldTest" tests="1" failures="0" timestamp="13 Nov 2012 12:15:20 GMT" time="21.488" errors="0">
  <testcase name="contractOgrnOneNumberInTextFieldTest_C15053" time="21.488" classname="com.YouMagicPro.LKA_tests.ContractOgrnOneNumberInTextFieldTest"/>
</testsuite> <!-- com.YouMagicPro.LKA_tests.ContractOgrnOneNumberInTextFieldTest -->
