<?xml version="1.0" encoding="UTF-8"?>
<!-- Generated by org.testng.reporters.JUnitReportReporter -->
<testsuite hostname="Z100107" name="com.YouMagicPro.LKA_tests.ContractInn6NumbersInTextFieldTest" tests="1" failures="0" timestamp="13 Nov 2012 12:15:20 GMT" time="36.647" errors="0">
  <testcase name="contractInn6NumbersInTextFieldTest_C15029" time="36.647" classname="com.YouMagicPro.LKA_tests.ContractInn6NumbersInTextFieldTest"/>
</testsuite> <!-- com.YouMagicPro.LKA_tests.ContractInn6NumbersInTextFieldTest -->
